error: Failed to retrieve git log for https://github.com/expressjs/express: Could not find HEAD.
error: Failed to retrieve git log for https://www.npmjs.com/package/express: Could not find HEAD.
error: Failed to retrieve git log for https://github.com/lodash/lodash: Could not find HEAD.
error: Failed to retrieve git log for https://www.npmjs.com/package/lodash: Could not find HEAD.
error: Failed to retrieve git log for https://github.com/tensorflow/tensorflow: Could not find HEAD.
error: Failed to retrieve git log for https://github.com/tensorflow/tensorflow: Could not find HEAD.
error: Failed to retrieve git log for https://github.com/angular/angular: Could not find HEAD.
error: Failed to retrieve git log for https://github.com/angular/angular: Could not find HEAD.
error: Failed to retrieve git log for https://github.com/microsoft/TypeScript: Could not find HEAD.
error: Failed to retrieve git log for https://github.com/microsoft/TypeScript: Could not find HEAD.
error: Failed to retrieve git log for https://github.com/facebook/react: Could not find HEAD.
error: Failed to retrieve git log for https://github.com/facebook/react: Could not find HEAD.
error: Failed to retrieve git log for https://github.com/Automattic/mongoose: Could not find HEAD.
error: Failed to retrieve git log for https://www.npmjs.com/package/mongoose: Could not find HEAD.
error: Failed to retrieve git log for https://github.com/request/request: Could not find HEAD.
error: Failed to retrieve git log for https://www.npmjs.com/package/request: Could not find HEAD.
error: Failed to retrieve git log for https://github.com/nodejs/node: Could not find HEAD.
error: Failed to retrieve git log for https://github.com/nodejs/node: Could not find HEAD.
error: Failed to retrieve git log for https://github.com/vuejs/vue: Could not find HEAD.
error: Failed to retrieve git log for https://github.com/vuejs/vue: Could not find HEAD.
error: Failed to retrieve git log for https://github.com/expressjs/express: Could not find HEAD.
error: Failed to retrieve git log for https://www.npmjs.com/package/express: Could not find HEAD.
error: Failed to retrieve git log for https://github.com/lodash/lodash: Could not find HEAD.
error: Failed to retrieve git log for https://www.npmjs.com/package/lodash: Could not find HEAD.
error: Failed to retrieve git log for https://github.com/tensorflow/tensorflow: Could not find HEAD.
error: Failed to retrieve git log for https://github.com/tensorflow/tensorflow: Could not find HEAD.
error: Failed to retrieve git log for https://github.com/angular/angular: Could not find HEAD.
error: Failed to retrieve git log for https://github.com/angular/angular: Could not find HEAD.
error: Failed to retrieve git log for https://github.com/microsoft/TypeScript: Could not find HEAD.
error: Failed to retrieve git log for https://github.com/microsoft/TypeScript: Could not find HEAD.
error: Failed to retrieve git log for https://github.com/facebook/react: Could not find HEAD.
error: Failed to retrieve git log for https://github.com/facebook/react: Could not find HEAD.
error: Failed to retrieve git log for https://github.com/Automattic/mongoose: Could not find HEAD.
error: Failed to retrieve git log for https://www.npmjs.com/package/mongoose: Could not find HEAD.
error: Failed to retrieve git log for https://github.com/request/request: Could not find HEAD.
error: Failed to retrieve git log for https://www.npmjs.com/package/request: Could not find HEAD.
error: Failed to retrieve git log for https://github.com/nodejs/node: Could not find HEAD.
error: Failed to retrieve git log for https://github.com/nodejs/node: Could not find HEAD.
error: Failed to retrieve git log for https://github.com/vuejs/vue: Could not find HEAD.
error: Failed to retrieve git log for https://github.com/vuejs/vue: Could not find HEAD.
error: Failed to retrieve git log for https://github.com/expressjs/express: Could not find HEAD.
error: Failed to retrieve git log for https://www.npmjs.com/package/express: Could not find HEAD.
error: Failed to retrieve git log for https://github.com/lodash/lodash: Could not find HEAD.
error: Failed to retrieve git log for https://www.npmjs.com/package/lodash: Could not find HEAD.
error: Failed to retrieve git log for https://github.com/tensorflow/tensorflow: Could not find HEAD.
error: Failed to retrieve git log for https://github.com/tensorflow/tensorflow: Could not find HEAD.
error: Failed to retrieve git log for https://github.com/angular/angular: Could not find HEAD.
error: Failed to retrieve git log for https://github.com/angular/angular: Could not find HEAD.
error: Failed to retrieve git log for https://github.com/microsoft/TypeScript: Could not find HEAD.
error: Failed to retrieve git log for https://github.com/microsoft/TypeScript: Could not find HEAD.
error: Failed to retrieve git log for https://github.com/facebook/react: Could not find HEAD.
error: Failed to retrieve git log for https://github.com/facebook/react: Could not find HEAD.
error: Failed to retrieve git log for https://github.com/Automattic/mongoose: Could not find HEAD.
error: Failed to retrieve git log for https://www.npmjs.com/package/mongoose: Could not find HEAD.
error: Failed to retrieve git log for https://github.com/request/request: Could not find HEAD.
error: Failed to retrieve git log for https://www.npmjs.com/package/request: Could not find HEAD.
error: Failed to retrieve git log for https://github.com/nodejs/node: Could not find HEAD.
error: Failed to retrieve git log for https://github.com/nodejs/node: Could not find HEAD.
error: Failed to retrieve git log for https://github.com/vuejs/vue: Could not find HEAD.
error: Failed to retrieve git log for https://github.com/vuejs/vue: Could not find HEAD.
error: Could not clone repository: error code HttpError: HTTP Error: 404 Not Found
error: Could not clone repository: error code HttpError: HTTP Error: 404 Not Found
error: Could not clone repository: error code HttpError: HTTP Error: 404 Not Found
error: Could not clone repository: error code HttpError: HTTP Error: 404 Not Found
error: Could not clone repository: error code HttpError: HTTP Error: 404 Not Found
error: Failed to retrieve readme length for expressjs/express
error: Failed to retrieve readme length for tensorflow/tensorflow
error: Failed to retrieve readme length for nodejs/node
error: Failed to retrieve readme length for microsoft/TypeScript
error: Failed to retrieve readme length for lodash/lodash
error: Failed to retrieve readme length for angular/angular
error: Failed to retrieve readme length for facebook/react
error: Failed to retrieve readme length for Automattic/mongoose
error: Failed to retrieve readme length for request/request
error: Failed to retrieve readme length for vuejs/vue
error: GitHub API key not found in environment variables.
error: Error on axios.get: TypeError: Cannot read properties of undefined (reading 'setContributors')
error: Error on axios.get: TypeError: contributorsData.forEach is not a function
error: Error fetching star count: Error: Contributors not found
error: GitHub API key not found in environment variables.
error: Error on axios.get: TypeError: Cannot read properties of undefined (reading 'setContributors')
error: Error on axios.get: TypeError: contributorsData.forEach is not a function
error: GitHub API key not found in environment variables.
error: Error on axios.get: TypeError: Cannot read properties of undefined (reading 'setContributors')
error: Error on axios.get: TypeError: contributorsData.forEach is not a function
error: GitHub API key not found in environment variables.
error: Error on axios.get: TypeError: Cannot read properties of undefined (reading 'setContributors')
error: Error on axios.get: TypeError: contributorsData.forEach is not a function
error: GitHub API key not found in environment variables.
error: Error on axios.get: TypeError: Cannot read properties of undefined (reading 'setContributors')
error: Error on axios.get: TypeError: contributorsData.forEach is not a function
error: GitHub API key not found in environment variables.
error: Error on axios.get: TypeError: Cannot read properties of undefined (reading 'setContributors')
error: GitHub API key not found in environment variables.
error: Error on axios.get: TypeError: Cannot read properties of undefined (reading 'setContributors')
error: GitHub API key not found in environment variables.
error: GitHub API key not found in environment variables.
error: GitHub API key not found in environment variables.
error: GitHub API key not found in environment variables.
error: GitHub API key not found in environment variables.
error: GitHub API key not found in environment variables.
error: GitHub API key not found in environment variables.
error: GitHub API key not found in environment variables.
error: GitHub API key not found in environment variables.
error: GitHub API key not found in environment variables.
error: GitHub API key not found in environment variables.
error: GitHub API key not found in environment variables.
error: GitHub API key not found in environment variables.
error: GitHub API key not found in environment variables.
error: GitHub API key not found in environment variables.
error: GitHub API key not found in environment variables.
error: GitHub API key not found in environment variables.
error: GitHub API key not found in environment variables.
error: Error on axios.get: TypeError: Cannot read properties of undefined (reading 'setContributors')
error: Error on axios.get: TypeError: contributorsData.forEach is not a function
error: GitHub API key not found in environment variables.
error: Error on axios.get: TypeError: Cannot read properties of undefined (reading 'setContributors')
error: Error on axios.get: TypeError: contributorsData.forEach is not a function
error: GitHub API key not found in environment variables.
error: Error on axios.get: TypeError: Cannot read properties of undefined (reading 'setContributors')
error: Error on axios.get: TypeError: contributorsData.forEach is not a function
error: Error on axios.get: Error: getaddrinfo ENOTFOUND api.github.com
error: Failed to get license status: Error: getaddrinfo ENOTFOUND api.github.com
error: Error fetching star count: Error: getaddrinfo ENOTFOUND api.github.com
error: Error fetching open issues count: Error: getaddrinfo ENOTFOUND api.github.com
error: Error fetching commit frequency: Error: getaddrinfo ENOTFOUND api.github.com
error: Error fetching issue resolution time: Error: getaddrinfo ENOTFOUND api.github.com
error: [object Object]
error: package Obj: [object Object]
error: GitHub API key not found in environment variables.
error: package Obj: undefined
error: Error on axios.get: TypeError: Cannot read properties of undefined (reading 'setContributors')
error: Error on axios.get: TypeError: contributorsData.forEach is not a function
error: GitHub API key not found in environment variables.
error: GitHub API key not found in environment variables.
error: GitHub API key not found in environment variables.
error: Error on axios.get: TypeError: Cannot read properties of undefined (reading 'setContributors')
error: Error on axios.get: TypeError: contributorsData.forEach is not a function
error: GitHub API key not found in environment variables.
error: Error on axios.get: TypeError: Cannot read properties of undefined (reading 'setContributors')
error: Error on axios.get: TypeError: contributorsData.forEach is not a function
error: GitHub API key not found in environment variables.
error: Error on axios.get: TypeError: Cannot read properties of undefined (reading 'setContributors')
error: Error on axios.get: TypeError: contributorsData.forEach is not a function
error: GitHub API key not found in environment variables.
error: Error on axios.get: TypeError: Cannot read properties of undefined (reading 'setContributors')
error: Error on axios.get: TypeError: contributorsData.forEach is not a function
error: GitHub API key not found in environment variables.
error: Error on axios.get: TypeError: Cannot read properties of undefined (reading 'setContributors')
error: Error on axios.get: TypeError: contributorsData.forEach is not a function
error: GitHub API key not found in environment variables.
error: Error on axios.get: TypeError: Cannot read properties of undefined (reading 'setContributors')
error: Error on axios.get: TypeError: contributorsData.forEach is not a function
error: Error fetching star count: TypeError: Cannot read properties of undefined (reading 'data')
error: Error fetching open issues count: TypeError: Cannot read properties of undefined (reading 'data')
error: Error fetching commit frequency: TypeError: Cannot read properties of undefined (reading 'data')
error: Error fetching issue resolution time: TypeError: Cannot read properties of undefined (reading 'data')
error: Error fetching star count: TypeError: Cannot read properties of undefined (reading 'data')
error: Error fetching open issues count: TypeError: Cannot read properties of undefined (reading 'data')
error: Error fetching commit frequency: TypeError: Cannot read properties of undefined (reading 'data')
error: Error fetching issue resolution time: TypeError: Cannot read properties of undefined (reading 'data')
error: Error fetching star count: TypeError: Cannot read properties of undefined (reading 'data')
error: Error fetching open issues count: TypeError: Cannot read properties of undefined (reading 'data')
error: Error fetching commit frequency: TypeError: Cannot read properties of undefined (reading 'data')
error: Error fetching issue resolution time: TypeError: Cannot read properties of undefined (reading 'data')
error: Error fetching star count: TypeError: Cannot read properties of undefined (reading 'data')
error: Error fetching open issues count: TypeError: Cannot read properties of undefined (reading 'data')
error: Error fetching commit frequency: TypeError: Cannot read properties of undefined (reading 'data')
error: Error fetching issue resolution time: TypeError: Cannot read properties of undefined (reading 'data')
error: Error reading file: The "path" argument must be of type string or an instance of Buffer or URL. Received undefined {"code":"ERR_INVALID_ARG_TYPE","stack":"TypeError: The \"path\" argument must be of type string or an instance of Buffer or URL. Received undefined\n    at open (node:internal/fs/promises:450:10)\n    at Object.readFile (node:internal/fs/promises:795:20)\n    at readFile (C:\\Users\\mgher\\Documents\\GitHub\\461Group2\\run_URL_FILE\\fetch_url.ts:307:38)\n    at Generator.next (<anonymous>)\n    at C:\\Users\\mgher\\Documents\\GitHub\\461Group2\\run_URL_FILE\\fetch_url.ts:6238:40\n    at new Promise (<anonymous>)\n    at Object.<anonymous>.__awaiter (C:\\Users\\mgher\\Documents\\GitHub\\461Group2\\run_URL_FILE\\fetch_url.ts:6187:10)\n    at fetchUrlsFromFile (C:\\Users\\mgher\\Documents\\GitHub\\461Group2\\run_URL_FILE\\fetch_url.ts:6984:10)\n    at Object.fetchUrlsFromFile (C:\\Users\\mgher\\Documents\\GitHub\\461Group2\\run_URL_FILE\\fetch_url.ts:394:1)\n    at Runtime._execModule (C:\\Users\\mgher\\Documents\\GitHub\\461Group2\\node_modules\\jest-runtime\\build\\index.js:1439:24)\n    at Runtime._loadModule (C:\\Users\\mgher\\Documents\\GitHub\\461Group2\\node_modules\\jest-runtime\\build\\index.js:1022:12)\n    at Runtime.requireModule (C:\\Users\\mgher\\Documents\\GitHub\\461Group2\\node_modules\\jest-runtime\\build\\index.js:882:12)\n    at Runtime.requireModuleOrMock (C:\\Users\\mgher\\Documents\\GitHub\\461Group2\\node_modules\\jest-runtime\\build\\index.js:1048:21)\n    at Object.<anonymous> (C:\\Users\\mgher\\Documents\\GitHub\\461Group2\\fetch_url.test.ts:4:75)\n    at Runtime._execModule (C:\\Users\\mgher\\Documents\\GitHub\\461Group2\\node_modules\\jest-runtime\\build\\index.js:1439:24)\n    at Runtime._loadModule (C:\\Users\\mgher\\Documents\\GitHub\\461Group2\\node_modules\\jest-runtime\\build\\index.js:1022:12)\n    at Runtime.requireModule (C:\\Users\\mgher\\Documents\\GitHub\\461Group2\\node_modules\\jest-runtime\\build\\index.js:882:12)\n    at jestAdapter (C:\\Users\\mgher\\Documents\\GitHub\\461Group2\\node_modules\\jest-circus\\build\\legacy-code-todo-rewrite\\jestAdapter.js:77:13)\n    at processTicksAndRejections (node:internal/process/task_queues:96:5)\n    at runTestInternal (C:\\Users\\mgher\\Documents\\GitHub\\461Group2\\node_modules\\jest-runner\\build\\runTest.js:367:16)\n    at runTest (C:\\Users\\mgher\\Documents\\GitHub\\461Group2\\node_modules\\jest-runner\\build\\runTest.js:444:34)\n    at Object.worker (C:\\Users\\mgher\\Documents\\GitHub\\461Group2\\node_modules\\jest-runner\\build\\testWorker.js:106:12)"}
error: Error fetching star count: TypeError: Cannot read properties of undefined (reading 'data')
error: Error fetching open issues count: TypeError: Cannot read properties of undefined (reading 'data')
error: Error fetching commit frequency: TypeError: Cannot read properties of undefined (reading 'data')
error: Error fetching issue resolution time: TypeError: Cannot read properties of undefined (reading 'data')
error: Error reading file: The "path" argument must be of type string or an instance of Buffer or URL. Received undefined {"code":"ERR_INVALID_ARG_TYPE","stack":"TypeError: The \"path\" argument must be of type string or an instance of Buffer or URL. Received undefined\n    at open (node:internal/fs/promises:450:10)\n    at Object.readFile (node:internal/fs/promises:795:20)\n    at readFile (C:\\Users\\mgher\\Documents\\GitHub\\461Group2\\run_URL_FILE\\fetch_url.ts:307:38)\n    at Generator.next (<anonymous>)\n    at C:\\Users\\mgher\\Documents\\GitHub\\461Group2\\run_URL_FILE\\fetch_url.ts:6238:40\n    at new Promise (<anonymous>)\n    at Object.<anonymous>.__awaiter (C:\\Users\\mgher\\Documents\\GitHub\\461Group2\\run_URL_FILE\\fetch_url.ts:6187:10)\n    at fetchUrlsFromFile (C:\\Users\\mgher\\Documents\\GitHub\\461Group2\\run_URL_FILE\\fetch_url.ts:6984:10)\n    at Object.fetchUrlsFromFile (C:\\Users\\mgher\\Documents\\GitHub\\461Group2\\run_URL_FILE\\fetch_url.ts:394:1)\n    at Runtime._execModule (C:\\Users\\mgher\\Documents\\GitHub\\461Group2\\node_modules\\jest-runtime\\build\\index.js:1439:24)\n    at Runtime._loadModule (C:\\Users\\mgher\\Documents\\GitHub\\461Group2\\node_modules\\jest-runtime\\build\\index.js:1022:12)\n    at Runtime.requireModule (C:\\Users\\mgher\\Documents\\GitHub\\461Group2\\node_modules\\jest-runtime\\build\\index.js:882:12)\n    at Runtime.requireModuleOrMock (C:\\Users\\mgher\\Documents\\GitHub\\461Group2\\node_modules\\jest-runtime\\build\\index.js:1048:21)\n    at Object.<anonymous> (C:\\Users\\mgher\\Documents\\GitHub\\461Group2\\fetch_url.test.ts:4:75)\n    at Runtime._execModule (C:\\Users\\mgher\\Documents\\GitHub\\461Group2\\node_modules\\jest-runtime\\build\\index.js:1439:24)\n    at Runtime._loadModule (C:\\Users\\mgher\\Documents\\GitHub\\461Group2\\node_modules\\jest-runtime\\build\\index.js:1022:12)\n    at Runtime.requireModule (C:\\Users\\mgher\\Documents\\GitHub\\461Group2\\node_modules\\jest-runtime\\build\\index.js:882:12)\n    at jestAdapter (C:\\Users\\mgher\\Documents\\GitHub\\461Group2\\node_modules\\jest-circus\\build\\legacy-code-todo-rewrite\\jestAdapter.js:77:13)\n    at processTicksAndRejections (node:internal/process/task_queues:96:5)\n    at runTestInternal (C:\\Users\\mgher\\Documents\\GitHub\\461Group2\\node_modules\\jest-runner\\build\\runTest.js:367:16)\n    at runTest (C:\\Users\\mgher\\Documents\\GitHub\\461Group2\\node_modules\\jest-runner\\build\\runTest.js:444:34)\n    at Object.worker (C:\\Users\\mgher\\Documents\\GitHub\\461Group2\\node_modules\\jest-runner\\build\\testWorker.js:106:12)"}
error: GitHub API key not found in environment variables.
error: Error fetching star count: TypeError: Cannot read properties of undefined (reading 'data')
error: Error fetching open issues count: TypeError: Cannot read properties of undefined (reading 'data')
error: Error fetching commit frequency: TypeError: Cannot read properties of undefined (reading 'data')
error: Error fetching issue resolution time: TypeError: Cannot read properties of undefined (reading 'data')
error: Error on axios.get: Error: Contributors not found
error: Error reading file: The "path" argument must be of type string or an instance of Buffer or URL. Received undefined {"code":"ERR_INVALID_ARG_TYPE","stack":"TypeError: The \"path\" argument must be of type string or an instance of Buffer or URL. Received undefined\n    at open (node:internal/fs/promises:450:10)\n    at Object.readFile (node:internal/fs/promises:795:20)\n    at readFile (C:\\Users\\mgher\\Documents\\GitHub\\461Group2\\run_URL_FILE\\fetch_url.ts:307:38)\n    at Generator.next (<anonymous>)\n    at C:\\Users\\mgher\\Documents\\GitHub\\461Group2\\run_URL_FILE\\fetch_url.ts:6238:40\n    at new Promise (<anonymous>)\n    at Object.<anonymous>.__awaiter (C:\\Users\\mgher\\Documents\\GitHub\\461Group2\\run_URL_FILE\\fetch_url.ts:6187:10)\n    at fetchUrlsFromFile (C:\\Users\\mgher\\Documents\\GitHub\\461Group2\\run_URL_FILE\\fetch_url.ts:6984:10)\n    at Object.fetchUrlsFromFile (C:\\Users\\mgher\\Documents\\GitHub\\461Group2\\run_URL_FILE\\fetch_url.ts:394:1)\n    at Runtime._execModule (C:\\Users\\mgher\\Documents\\GitHub\\461Group2\\node_modules\\jest-runtime\\build\\index.js:1439:24)\n    at Runtime._loadModule (C:\\Users\\mgher\\Documents\\GitHub\\461Group2\\node_modules\\jest-runtime\\build\\index.js:1022:12)\n    at Runtime.requireModule (C:\\Users\\mgher\\Documents\\GitHub\\461Group2\\node_modules\\jest-runtime\\build\\index.js:882:12)\n    at Runtime.requireModuleOrMock (C:\\Users\\mgher\\Documents\\GitHub\\461Group2\\node_modules\\jest-runtime\\build\\index.js:1048:21)\n    at Object.<anonymous> (C:\\Users\\mgher\\Documents\\GitHub\\461Group2\\fetch_url.test.ts:4:75)\n    at Runtime._execModule (C:\\Users\\mgher\\Documents\\GitHub\\461Group2\\node_modules\\jest-runtime\\build\\index.js:1439:24)\n    at Runtime._loadModule (C:\\Users\\mgher\\Documents\\GitHub\\461Group2\\node_modules\\jest-runtime\\build\\index.js:1022:12)\n    at Runtime.requireModule (C:\\Users\\mgher\\Documents\\GitHub\\461Group2\\node_modules\\jest-runtime\\build\\index.js:882:12)\n    at jestAdapter (C:\\Users\\mgher\\Documents\\GitHub\\461Group2\\node_modules\\jest-circus\\build\\legacy-code-todo-rewrite\\jestAdapter.js:77:13)\n    at processTicksAndRejections (node:internal/process/task_queues:96:5)\n    at runTestInternal (C:\\Users\\mgher\\Documents\\GitHub\\461Group2\\node_modules\\jest-runner\\build\\runTest.js:367:16)\n    at runTest (C:\\Users\\mgher\\Documents\\GitHub\\461Group2\\node_modules\\jest-runner\\build\\runTest.js:444:34)\n    at Object.worker (C:\\Users\\mgher\\Documents\\GitHub\\461Group2\\node_modules\\jest-runner\\build\\testWorker.js:106:12)"}
error: GitHub API key not found in environment variables.
error: Error fetching star count: TypeError: Cannot read properties of undefined (reading 'data')
error: Error fetching open issues count: TypeError: Cannot read properties of undefined (reading 'data')
error: Error fetching commit frequency: TypeError: Cannot read properties of undefined (reading 'data')
error: Error fetching issue resolution time: TypeError: Cannot read properties of undefined (reading 'data')
error: Error on axios.get: Error: Contributors not found
error: Failed to get license status: Error: Readme not found
error: Error fetching star count: TypeError: Cannot read properties of undefined (reading 'data')
error: Error fetching open issues count: TypeError: Cannot read properties of undefined (reading 'data')
error: Error fetching commit frequency: TypeError: Cannot read properties of undefined (reading 'data')
error: Error fetching issue resolution time: TypeError: Cannot read properties of undefined (reading 'data')
error: Error reading file: The "path" argument must be of type string or an instance of Buffer or URL. Received undefined {"code":"ERR_INVALID_ARG_TYPE","stack":"TypeError: The \"path\" argument must be of type string or an instance of Buffer or URL. Received undefined\n    at open (node:internal/fs/promises:450:10)\n    at Object.readFile (node:internal/fs/promises:795:20)\n    at readFile (C:\\Users\\mgher\\Documents\\GitHub\\461Group2\\run_URL_FILE\\fetch_url.ts:307:38)\n    at Generator.next (<anonymous>)\n    at C:\\Users\\mgher\\Documents\\GitHub\\461Group2\\run_URL_FILE\\fetch_url.ts:6238:40\n    at new Promise (<anonymous>)\n    at Object.<anonymous>.__awaiter (C:\\Users\\mgher\\Documents\\GitHub\\461Group2\\run_URL_FILE\\fetch_url.ts:6187:10)\n    at fetchUrlsFromFile (C:\\Users\\mgher\\Documents\\GitHub\\461Group2\\run_URL_FILE\\fetch_url.ts:6984:10)\n    at Object.fetchUrlsFromFile (C:\\Users\\mgher\\Documents\\GitHub\\461Group2\\run_URL_FILE\\fetch_url.ts:394:1)\n    at Runtime._execModule (C:\\Users\\mgher\\Documents\\GitHub\\461Group2\\node_modules\\jest-runtime\\build\\index.js:1439:24)\n    at Runtime._loadModule (C:\\Users\\mgher\\Documents\\GitHub\\461Group2\\node_modules\\jest-runtime\\build\\index.js:1022:12)\n    at Runtime.requireModule (C:\\Users\\mgher\\Documents\\GitHub\\461Group2\\node_modules\\jest-runtime\\build\\index.js:882:12)\n    at Runtime.requireModuleOrMock (C:\\Users\\mgher\\Documents\\GitHub\\461Group2\\node_modules\\jest-runtime\\build\\index.js:1048:21)\n    at Object.<anonymous> (C:\\Users\\mgher\\Documents\\GitHub\\461Group2\\fetch_url.test.ts:4:75)\n    at Runtime._execModule (C:\\Users\\mgher\\Documents\\GitHub\\461Group2\\node_modules\\jest-runtime\\build\\index.js:1439:24)\n    at Runtime._loadModule (C:\\Users\\mgher\\Documents\\GitHub\\461Group2\\node_modules\\jest-runtime\\build\\index.js:1022:12)\n    at Runtime.requireModule (C:\\Users\\mgher\\Documents\\GitHub\\461Group2\\node_modules\\jest-runtime\\build\\index.js:882:12)\n    at jestAdapter (C:\\Users\\mgher\\Documents\\GitHub\\461Group2\\node_modules\\jest-circus\\build\\legacy-code-todo-rewrite\\jestAdapter.js:77:13)\n    at processTicksAndRejections (node:internal/process/task_queues:96:5)\n    at runTestInternal (C:\\Users\\mgher\\Documents\\GitHub\\461Group2\\node_modules\\jest-runner\\build\\runTest.js:367:16)\n    at runTest (C:\\Users\\mgher\\Documents\\GitHub\\461Group2\\node_modules\\jest-runner\\build\\runTest.js:444:34)\n    at Object.worker (C:\\Users\\mgher\\Documents\\GitHub\\461Group2\\node_modules\\jest-runner\\build\\testWorker.js:106:12)"}
error: GitHub API key not found in environment variables.
error: Error fetching star count: TypeError: Cannot read properties of undefined (reading 'data')
error: Error fetching open issues count: TypeError: Cannot read properties of undefined (reading 'data')
error: Error fetching commit frequency: TypeError: Cannot read properties of undefined (reading 'data')
error: Error fetching issue resolution time: TypeError: Cannot read properties of undefined (reading 'data')
error: Error on axios.get: Error: Contributors not found
error: Failed to get license status: Error: Readme not found
error: Error fetching star count: TypeError: Cannot read properties of undefined (reading 'data')
error: Error fetching open issues count: TypeError: Cannot read properties of undefined (reading 'data')
error: Error fetching commit frequency: TypeError: Cannot read properties of undefined (reading 'data')
error: Error fetching issue resolution time: TypeError: Cannot read properties of undefined (reading 'data')
error: Error reading file: The "path" argument must be of type string or an instance of Buffer or URL. Received undefined {"code":"ERR_INVALID_ARG_TYPE","stack":"TypeError: The \"path\" argument must be of type string or an instance of Buffer or URL. Received undefined\n    at open (node:internal/fs/promises:450:10)\n    at Object.readFile (node:internal/fs/promises:795:20)\n    at readFile (C:\\Users\\mgher\\Documents\\GitHub\\461Group2\\run_URL_FILE\\fetch_url.ts:307:38)\n    at Generator.next (<anonymous>)\n    at C:\\Users\\mgher\\Documents\\GitHub\\461Group2\\run_URL_FILE\\fetch_url.ts:6238:40\n    at new Promise (<anonymous>)\n    at Object.<anonymous>.__awaiter (C:\\Users\\mgher\\Documents\\GitHub\\461Group2\\run_URL_FILE\\fetch_url.ts:6187:10)\n    at fetchUrlsFromFile (C:\\Users\\mgher\\Documents\\GitHub\\461Group2\\run_URL_FILE\\fetch_url.ts:6984:10)\n    at Object.fetchUrlsFromFile (C:\\Users\\mgher\\Documents\\GitHub\\461Group2\\run_URL_FILE\\fetch_url.ts:394:1)\n    at Runtime._execModule (C:\\Users\\mgher\\Documents\\GitHub\\461Group2\\node_modules\\jest-runtime\\build\\index.js:1439:24)\n    at Runtime._loadModule (C:\\Users\\mgher\\Documents\\GitHub\\461Group2\\node_modules\\jest-runtime\\build\\index.js:1022:12)\n    at Runtime.requireModule (C:\\Users\\mgher\\Documents\\GitHub\\461Group2\\node_modules\\jest-runtime\\build\\index.js:882:12)\n    at Runtime.requireModuleOrMock (C:\\Users\\mgher\\Documents\\GitHub\\461Group2\\node_modules\\jest-runtime\\build\\index.js:1048:21)\n    at Object.<anonymous> (C:\\Users\\mgher\\Documents\\GitHub\\461Group2\\fetch_url.test.ts:4:75)\n    at Runtime._execModule (C:\\Users\\mgher\\Documents\\GitHub\\461Group2\\node_modules\\jest-runtime\\build\\index.js:1439:24)\n    at Runtime._loadModule (C:\\Users\\mgher\\Documents\\GitHub\\461Group2\\node_modules\\jest-runtime\\build\\index.js:1022:12)\n    at Runtime.requireModule (C:\\Users\\mgher\\Documents\\GitHub\\461Group2\\node_modules\\jest-runtime\\build\\index.js:882:12)\n    at jestAdapter (C:\\Users\\mgher\\Documents\\GitHub\\461Group2\\node_modules\\jest-circus\\build\\legacy-code-todo-rewrite\\jestAdapter.js:77:13)\n    at processTicksAndRejections (node:internal/process/task_queues:96:5)\n    at runTestInternal (C:\\Users\\mgher\\Documents\\GitHub\\461Group2\\node_modules\\jest-runner\\build\\runTest.js:367:16)\n    at runTest (C:\\Users\\mgher\\Documents\\GitHub\\461Group2\\node_modules\\jest-runner\\build\\runTest.js:444:34)\n    at Object.worker (C:\\Users\\mgher\\Documents\\GitHub\\461Group2\\node_modules\\jest-runner\\build\\testWorker.js:106:12)"}
error: GitHub API key not found in environment variables.
error: Error fetching star count: TypeError: Cannot read properties of undefined (reading 'data')
error: Error fetching open issues count: TypeError: Cannot read properties of undefined (reading 'data')
error: Error fetching commit frequency: TypeError: Cannot read properties of undefined (reading 'data')
error: Error fetching issue resolution time: TypeError: Cannot read properties of undefined (reading 'data')
error: Error on axios.get: Error: Contributors not found
error: Failed to get license status: Error: Readme not found
error: Error fetching star count: TypeError: Cannot read properties of undefined (reading 'data')
error: Error fetching open issues count: TypeError: Cannot read properties of undefined (reading 'data')
error: Error fetching commit frequency: TypeError: Cannot read properties of undefined (reading 'data')
error: Error fetching issue resolution time: TypeError: Cannot read properties of undefined (reading 'data')
error: Error reading file: The "path" argument must be of type string or an instance of Buffer or URL. Received undefined {"code":"ERR_INVALID_ARG_TYPE","stack":"TypeError: The \"path\" argument must be of type string or an instance of Buffer or URL. Received undefined\n    at open (node:internal/fs/promises:450:10)\n    at Object.readFile (node:internal/fs/promises:795:20)\n    at readFile (C:\\Users\\mgher\\Documents\\GitHub\\461Group2\\run_URL_FILE\\fetch_url.ts:307:38)\n    at Generator.next (<anonymous>)\n    at C:\\Users\\mgher\\Documents\\GitHub\\461Group2\\run_URL_FILE\\fetch_url.ts:6238:40\n    at new Promise (<anonymous>)\n    at Object.<anonymous>.__awaiter (C:\\Users\\mgher\\Documents\\GitHub\\461Group2\\run_URL_FILE\\fetch_url.ts:6187:10)\n    at fetchUrlsFromFile (C:\\Users\\mgher\\Documents\\GitHub\\461Group2\\run_URL_FILE\\fetch_url.ts:6984:10)\n    at Object.fetchUrlsFromFile (C:\\Users\\mgher\\Documents\\GitHub\\461Group2\\run_URL_FILE\\fetch_url.ts:394:1)\n    at Runtime._execModule (C:\\Users\\mgher\\Documents\\GitHub\\461Group2\\node_modules\\jest-runtime\\build\\index.js:1439:24)\n    at Runtime._loadModule (C:\\Users\\mgher\\Documents\\GitHub\\461Group2\\node_modules\\jest-runtime\\build\\index.js:1022:12)\n    at Runtime.requireModule (C:\\Users\\mgher\\Documents\\GitHub\\461Group2\\node_modules\\jest-runtime\\build\\index.js:882:12)\n    at Runtime.requireModuleOrMock (C:\\Users\\mgher\\Documents\\GitHub\\461Group2\\node_modules\\jest-runtime\\build\\index.js:1048:21)\n    at Object.<anonymous> (C:\\Users\\mgher\\Documents\\GitHub\\461Group2\\fetch_url.test.ts:4:75)\n    at Runtime._execModule (C:\\Users\\mgher\\Documents\\GitHub\\461Group2\\node_modules\\jest-runtime\\build\\index.js:1439:24)\n    at Runtime._loadModule (C:\\Users\\mgher\\Documents\\GitHub\\461Group2\\node_modules\\jest-runtime\\build\\index.js:1022:12)\n    at Runtime.requireModule (C:\\Users\\mgher\\Documents\\GitHub\\461Group2\\node_modules\\jest-runtime\\build\\index.js:882:12)\n    at jestAdapter (C:\\Users\\mgher\\Documents\\GitHub\\461Group2\\node_modules\\jest-circus\\build\\legacy-code-todo-rewrite\\jestAdapter.js:77:13)\n    at processTicksAndRejections (node:internal/process/task_queues:96:5)\n    at runTestInternal (C:\\Users\\mgher\\Documents\\GitHub\\461Group2\\node_modules\\jest-runner\\build\\runTest.js:367:16)\n    at runTest (C:\\Users\\mgher\\Documents\\GitHub\\461Group2\\node_modules\\jest-runner\\build\\runTest.js:444:34)\n    at Object.worker (C:\\Users\\mgher\\Documents\\GitHub\\461Group2\\node_modules\\jest-runner\\build\\testWorker.js:106:12)"}
error: GitHub API key not found in environment variables.
error: Error fetching star count: TypeError: Cannot read properties of undefined (reading 'data')
error: Error fetching open issues count: TypeError: Cannot read properties of undefined (reading 'data')
error: Error fetching commit frequency: TypeError: Cannot read properties of undefined (reading 'data')
error: Error fetching issue resolution time: TypeError: Cannot read properties of undefined (reading 'data')
error: Error on axios.get: Error: Contributors not found
error: Failed to get license status: Error: Readme not found
error: Error fetching star count: TypeError: Cannot read properties of undefined (reading 'data')
error: Error fetching open issues count: TypeError: Cannot read properties of undefined (reading 'data')
error: Error fetching commit frequency: TypeError: Cannot read properties of undefined (reading 'data')
error: Error fetching issue resolution time: TypeError: Cannot read properties of undefined (reading 'data')
